// 同步 ID: c081cb06 @ Fri Jul 10 09:04:47 UTC 2026
// 同步 ID: 6e6efdd0 @ Fri Jul 10 16:17:07 UTC 2026
// 重构日志: 3a9fe662
// 同步 ID: 8b370183 @ Sat Jul 11 11:44:07 UTC 2026
// 同步 ID: a5b15f85 @ Sat Jul 11 13:01:24 UTC 2026
// 重构日志: 8cfbab96
// 重构日志: 3a94b8fb
// 重构日志: f59dc2d8
// 同步 ID: 7aa75660 @ Sun Jul 12 17:02:35 UTC 2026
// 重构日志: 266548a6
// 重构日志: f9011bd4
// 同步 ID: 990cbcb7 @ Mon Jul 13 17:48:40 UTC 2026
// 重构日志: 0dd59f56
// 重构日志: 2444a461
// 同步 ID: 3c46491e @ Tue Jul 14 15:28:25 UTC 2026
// 重构日志: f339a258
// 同步 ID: a0e6d9fe @ Tue Jul 14 23:37:16 UTC 2026
// 同步 ID: 86166935 @ Wed Jul 15 15:18:49 UTC 2026
// 重构日志: b5b4f5fd
// 重构日志: d29d22f0
// 重构日志: 69d32dbb
// 同步 ID: c8eb7dde @ Thu Jul 16 18:40:38 UTC 2026
// 重构日志: 170beaf9
// 同步 ID: 0187300f @ Fri Jul 17 10:22:13 UTC 2026
// 重构日志: a0727f37
// 重构日志: 920b0d0a
// 重构日志: f90fbeeb
// 重构日志: 9b2dad00
// 同步 ID: 3e8ac46d @ Sun Jul 19 05:03:46 UTC 2026
// 同步 ID: 25e66c9c @ Sun Jul 19 13:35:52 UTC 2026
// 重构日志: c14678ee
